[0.077s] DEBUG:colcon:Command line arguments: ['/usr/bin/colcon', 'build']
[0.077s] DEBUG:colcon:Parsed command line arguments: Namespace(log_base=None, log_level=None, verb_name='build', build_base='build', install_base='install', merge_install=False, symlink_install=False, test_result_base=None, continue_on_error=False, executor='parallel', parallel_workers=16, event_handlers=None, ignore_user_meta=False, metas=['./colcon.meta'], base_paths=['.'], packages_ignore=None, packages_ignore_regex=None, paths=None, packages_up_to=None, packages_up_to_regex=None, packages_above=None, packages_above_and_dependencies=None, packages_above_depth=None, packages_select_by_dep=None, packages_skip_by_dep=None, packages_skip_up_to=None, packages_select_build_failed=False, packages_skip_build_finished=False, packages_select_test_failures=False, packages_skip_test_passed=False, packages_select=None, packages_skip=None, packages_select_regex=None, packages_skip_regex=None, packages_start=None, packages_end=None, allow_overriding=[], cmake_args=None, cmake_target=None, cmake_target_skip_unavailable=False, cmake_clean_cache=False, cmake_clean_first=False, cmake_force_configure=False, ament_cmake_args=None, catkin_cmake_args=None, catkin_skip_building_tests=False, mixin_files=None, mixin=None, verb_parser=<colcon_mixin.mixin.mixin_argument.MixinArgumentDecorator object at 0x713e13f3e560>, verb_extension=<colcon_core.verb.build.BuildVerb object at 0x713e1403ab60>, main=<bound method BuildVerb.main of <colcon_core.verb.build.BuildVerb object at 0x713e1403ab60>>, mixin_verb=('build',))
[0.202s] Level 1:colcon.colcon_core.package_discovery:discover_packages(colcon_meta) check parameters
[0.203s] Level 1:colcon.colcon_core.package_discovery:discover_packages(recursive) check parameters
[0.203s] Level 1:colcon.colcon_core.package_discovery:discover_packages(ignore) check parameters
[0.203s] Level 1:colcon.colcon_core.package_discovery:discover_packages(path) check parameters
[0.203s] Level 1:colcon.colcon_core.package_discovery:discover_packages(colcon_meta) discover
[0.203s] Level 1:colcon.colcon_core.package_discovery:discover_packages(recursive) discover
[0.203s] INFO:colcon.colcon_core.package_discovery:Crawling recursively for packages in '/home/chollatisp/ros2_ws/mobile_robot/src/mok_mobile_robot'
[0.203s] Level 1:colcon.colcon_core.package_identification:_identify(.) by extensions ['ignore', 'ignore_ament_install']
[0.203s] Level 1:colcon.colcon_core.package_identification:_identify(.) by extension 'ignore'
[0.203s] Level 1:colcon.colcon_core.package_identification:_identify(.) by extension 'ignore_ament_install'
[0.203s] Level 1:colcon.colcon_core.package_identification:_identify(.) by extensions ['colcon_pkg']
[0.203s] Level 1:colcon.colcon_core.package_identification:_identify(.) by extension 'colcon_pkg'
[0.203s] Level 1:colcon.colcon_core.package_identification:_identify(.) by extensions ['colcon_meta']
[0.203s] Level 1:colcon.colcon_core.package_identification:_identify(.) by extension 'colcon_meta'
[0.203s] Level 1:colcon.colcon_core.package_identification:_identify(.) by extensions ['ros']
[0.203s] Level 1:colcon.colcon_core.package_identification:_identify(.) by extension 'ros'
[0.212s] DEBUG:colcon.colcon_core.package_identification:Package '.' with type 'ros.ament_cmake' and name 'mok_mobile_robot'
[0.212s] Level 1:colcon.colcon_core.package_discovery:discover_packages(recursive) using defaults
[0.212s] Level 1:colcon.colcon_core.package_discovery:discover_packages(ignore) discover
[0.212s] Level 1:colcon.colcon_core.package_discovery:discover_packages(ignore) using defaults
[0.212s] Level 1:colcon.colcon_core.package_discovery:discover_packages(path) discover
[0.212s] Level 1:colcon.colcon_core.package_discovery:discover_packages(path) using defaults
[0.226s] Level 1:colcon.colcon_core.package_discovery:discover_packages(prefix_path) check parameters
[0.226s] Level 1:colcon.colcon_core.package_discovery:discover_packages(prefix_path) discover
[0.227s] DEBUG:colcon.colcon_installed_package_information.package_discovery:Found 1 installed packages in /home/chollatisp/ros2_ws/mobile_robot/install
[0.228s] DEBUG:colcon.colcon_installed_package_information.package_discovery:Found 385 installed packages in /opt/ros/humble
[0.239s] Level 1:colcon.colcon_core.package_discovery:discover_packages(prefix_path) using defaults
[0.272s] Level 5:colcon.colcon_core.verb:set package 'mok_mobile_robot' build argument 'cmake_args' from command line to 'None'
[0.272s] Level 5:colcon.colcon_core.verb:set package 'mok_mobile_robot' build argument 'cmake_target' from command line to 'None'
[0.272s] Level 5:colcon.colcon_core.verb:set package 'mok_mobile_robot' build argument 'cmake_target_skip_unavailable' from command line to 'False'
[0.272s] Level 5:colcon.colcon_core.verb:set package 'mok_mobile_robot' build argument 'cmake_clean_cache' from command line to 'False'
[0.272s] Level 5:colcon.colcon_core.verb:set package 'mok_mobile_robot' build argument 'cmake_clean_first' from command line to 'False'
[0.272s] Level 5:colcon.colcon_core.verb:set package 'mok_mobile_robot' build argument 'cmake_force_configure' from command line to 'False'
[0.272s] Level 5:colcon.colcon_core.verb:set package 'mok_mobile_robot' build argument 'ament_cmake_args' from command line to 'None'
[0.272s] Level 5:colcon.colcon_core.verb:set package 'mok_mobile_robot' build argument 'catkin_cmake_args' from command line to 'None'
[0.272s] Level 5:colcon.colcon_core.verb:set package 'mok_mobile_robot' build argument 'catkin_skip_building_tests' from command line to 'False'
[0.272s] DEBUG:colcon.colcon_core.verb:Building package 'mok_mobile_robot' with the following arguments: {'ament_cmake_args': None, 'build_base': '/home/chollatisp/ros2_ws/mobile_robot/src/mok_mobile_robot/build/mok_mobile_robot', 'catkin_cmake_args': None, 'catkin_skip_building_tests': False, 'cmake_args': None, 'cmake_clean_cache': False, 'cmake_clean_first': False, 'cmake_force_configure': False, 'cmake_target': None, 'cmake_target_skip_unavailable': False, 'install_base': '/home/chollatisp/ros2_ws/mobile_robot/src/mok_mobile_robot/install/mok_mobile_robot', 'merge_install': False, 'path': '/home/chollatisp/ros2_ws/mobile_robot/src/mok_mobile_robot', 'symlink_install': False, 'test_result_base': None}
[0.272s] INFO:colcon.colcon_core.executor:Executing jobs using 'parallel' executor
[0.273s] DEBUG:colcon.colcon_parallel_executor.executor.parallel:run_until_complete
[0.273s] INFO:colcon.colcon_ros.task.ament_cmake.build:Building ROS package in '/home/chollatisp/ros2_ws/mobile_robot/src/mok_mobile_robot' with build type 'ament_cmake'
[0.273s] INFO:colcon.colcon_cmake.task.cmake.build:Building CMake package in '/home/chollatisp/ros2_ws/mobile_robot/src/mok_mobile_robot'
[0.275s] INFO:colcon.colcon_core.plugin_system:Skipping extension 'colcon_core.shell.bat': Not used on non-Windows systems
[0.275s] INFO:colcon.colcon_core.shell:Skip shell extension 'powershell' for command environment: Not usable outside of PowerShell
[0.275s] DEBUG:colcon.colcon_core.shell:Skip shell extension 'dsv' for command environment
[0.281s] DEBUG:colcon.colcon_core.event_handler.log_command:Invoking command in '/home/chollatisp/ros2_ws/mobile_robot/src/mok_mobile_robot/build/mok_mobile_robot': CMAKE_PREFIX_PATH=${CMAKE_PREFIX_PATH}:/opt/ros/humble /usr/bin/cmake /home/chollatisp/ros2_ws/mobile_robot/src/mok_mobile_robot -DCMAKE_INSTALL_PREFIX=/home/chollatisp/ros2_ws/mobile_robot/src/mok_mobile_robot/install/mok_mobile_robot
[0.807s] DEBUG:colcon.colcon_core.event_handler.log_command:Invoked command in '/home/chollatisp/ros2_ws/mobile_robot/src/mok_mobile_robot/build/mok_mobile_robot' returned '0': CMAKE_PREFIX_PATH=${CMAKE_PREFIX_PATH}:/opt/ros/humble /usr/bin/cmake /home/chollatisp/ros2_ws/mobile_robot/src/mok_mobile_robot -DCMAKE_INSTALL_PREFIX=/home/chollatisp/ros2_ws/mobile_robot/src/mok_mobile_robot/install/mok_mobile_robot
[0.808s] DEBUG:colcon.colcon_core.event_handler.log_command:Invoking command in '/home/chollatisp/ros2_ws/mobile_robot/src/mok_mobile_robot/build/mok_mobile_robot': CMAKE_PREFIX_PATH=${CMAKE_PREFIX_PATH}:/opt/ros/humble /usr/bin/cmake --build /home/chollatisp/ros2_ws/mobile_robot/src/mok_mobile_robot/build/mok_mobile_robot -- -j16 -l16
[0.841s] DEBUG:colcon.colcon_core.event_handler.log_command:Invoked command in '/home/chollatisp/ros2_ws/mobile_robot/src/mok_mobile_robot/build/mok_mobile_robot' returned '0': CMAKE_PREFIX_PATH=${CMAKE_PREFIX_PATH}:/opt/ros/humble /usr/bin/cmake --build /home/chollatisp/ros2_ws/mobile_robot/src/mok_mobile_robot/build/mok_mobile_robot -- -j16 -l16
[0.869s] DEBUG:colcon.colcon_core.event_handler.log_command:Invoking command in '/home/chollatisp/ros2_ws/mobile_robot/src/mok_mobile_robot/build/mok_mobile_robot': CMAKE_PREFIX_PATH=${CMAKE_PREFIX_PATH}:/opt/ros/humble /usr/bin/cmake --install /home/chollatisp/ros2_ws/mobile_robot/src/mok_mobile_robot/build/mok_mobile_robot
[0.880s] Level 1:colcon.colcon_core.environment:create_environment_scripts_only(mok_mobile_robot)
[0.880s] DEBUG:colcon.colcon_core.event_handler.log_command:Invoked command in '/home/chollatisp/ros2_ws/mobile_robot/src/mok_mobile_robot/build/mok_mobile_robot' returned '0': CMAKE_PREFIX_PATH=${CMAKE_PREFIX_PATH}:/opt/ros/humble /usr/bin/cmake --install /home/chollatisp/ros2_ws/mobile_robot/src/mok_mobile_robot/build/mok_mobile_robot
[0.882s] Level 1:colcon.colcon_core.environment:checking '/home/chollatisp/ros2_ws/mobile_robot/src/mok_mobile_robot/install/mok_mobile_robot' for CMake module files
[0.882s] Level 1:colcon.colcon_core.environment:checking '/home/chollatisp/ros2_ws/mobile_robot/src/mok_mobile_robot/install/mok_mobile_robot' for CMake config files
[0.882s] Level 1:colcon.colcon_core.shell:create_environment_hook('mok_mobile_robot', 'cmake_prefix_path')
[0.882s] INFO:colcon.colcon_core.shell:Creating environment hook '/home/chollatisp/ros2_ws/mobile_robot/src/mok_mobile_robot/install/mok_mobile_robot/share/mok_mobile_robot/hook/cmake_prefix_path.ps1'
[0.883s] INFO:colcon.colcon_core.shell:Creating environment descriptor '/home/chollatisp/ros2_ws/mobile_robot/src/mok_mobile_robot/install/mok_mobile_robot/share/mok_mobile_robot/hook/cmake_prefix_path.dsv'
[0.883s] INFO:colcon.colcon_core.shell:Creating environment hook '/home/chollatisp/ros2_ws/mobile_robot/src/mok_mobile_robot/install/mok_mobile_robot/share/mok_mobile_robot/hook/cmake_prefix_path.sh'
[0.883s] Level 1:colcon.colcon_core.environment:checking '/home/chollatisp/ros2_ws/mobile_robot/src/mok_mobile_robot/install/mok_mobile_robot/bin'
[0.883s] Level 1:colcon.colcon_core.environment:checking '/home/chollatisp/ros2_ws/mobile_robot/src/mok_mobile_robot/install/mok_mobile_robot/lib/pkgconfig/mok_mobile_robot.pc'
[0.884s] Level 1:colcon.colcon_core.environment:checking '/home/chollatisp/ros2_ws/mobile_robot/src/mok_mobile_robot/install/mok_mobile_robot/lib/python3.10/site-packages'
[0.884s] Level 1:colcon.colcon_core.environment:checking '/home/chollatisp/ros2_ws/mobile_robot/src/mok_mobile_robot/install/mok_mobile_robot/bin'
[0.884s] INFO:colcon.colcon_core.shell:Creating package script '/home/chollatisp/ros2_ws/mobile_robot/src/mok_mobile_robot/install/mok_mobile_robot/share/mok_mobile_robot/package.ps1'
[0.884s] INFO:colcon.colcon_core.shell:Creating package descriptor '/home/chollatisp/ros2_ws/mobile_robot/src/mok_mobile_robot/install/mok_mobile_robot/share/mok_mobile_robot/package.dsv'
[0.885s] INFO:colcon.colcon_core.shell:Creating package script '/home/chollatisp/ros2_ws/mobile_robot/src/mok_mobile_robot/install/mok_mobile_robot/share/mok_mobile_robot/package.sh'
[0.885s] INFO:colcon.colcon_core.shell:Creating package script '/home/chollatisp/ros2_ws/mobile_robot/src/mok_mobile_robot/install/mok_mobile_robot/share/mok_mobile_robot/package.bash'
[0.886s] INFO:colcon.colcon_core.shell:Creating package script '/home/chollatisp/ros2_ws/mobile_robot/src/mok_mobile_robot/install/mok_mobile_robot/share/mok_mobile_robot/package.zsh'
[0.886s] Level 1:colcon.colcon_core.environment:create_file_with_runtime_dependencies(/home/chollatisp/ros2_ws/mobile_robot/src/mok_mobile_robot/install/mok_mobile_robot/share/colcon-core/packages/mok_mobile_robot)
[0.908s] Level 1:colcon.colcon_core.environment:create_environment_scripts_only(mok_mobile_robot)
[0.908s] Level 1:colcon.colcon_core.environment:checking '/home/chollatisp/ros2_ws/mobile_robot/src/mok_mobile_robot/install/mok_mobile_robot' for CMake module files
[0.909s] Level 1:colcon.colcon_core.environment:checking '/home/chollatisp/ros2_ws/mobile_robot/src/mok_mobile_robot/install/mok_mobile_robot' for CMake config files
[0.909s] Level 1:colcon.colcon_core.shell:create_environment_hook('mok_mobile_robot', 'cmake_prefix_path')
[0.909s] INFO:colcon.colcon_core.shell:Creating environment hook '/home/chollatisp/ros2_ws/mobile_robot/src/mok_mobile_robot/install/mok_mobile_robot/share/mok_mobile_robot/hook/cmake_prefix_path.ps1'
[0.909s] INFO:colcon.colcon_core.shell:Creating environment descriptor '/home/chollatisp/ros2_ws/mobile_robot/src/mok_mobile_robot/install/mok_mobile_robot/share/mok_mobile_robot/hook/cmake_prefix_path.dsv'
[0.910s] INFO:colcon.colcon_core.shell:Creating environment hook '/home/chollatisp/ros2_ws/mobile_robot/src/mok_mobile_robot/install/mok_mobile_robot/share/mok_mobile_robot/hook/cmake_prefix_path.sh'
[0.910s] Level 1:colcon.colcon_core.environment:checking '/home/chollatisp/ros2_ws/mobile_robot/src/mok_mobile_robot/install/mok_mobile_robot/bin'
[0.910s] Level 1:colcon.colcon_core.environment:checking '/home/chollatisp/ros2_ws/mobile_robot/src/mok_mobile_robot/install/mok_mobile_robot/lib/pkgconfig/mok_mobile_robot.pc'
[0.910s] Level 1:colcon.colcon_core.environment:checking '/home/chollatisp/ros2_ws/mobile_robot/src/mok_mobile_robot/install/mok_mobile_robot/lib/python3.10/site-packages'
[0.910s] Level 1:colcon.colcon_core.environment:checking '/home/chollatisp/ros2_ws/mobile_robot/src/mok_mobile_robot/install/mok_mobile_robot/bin'
[0.911s] INFO:colcon.colcon_core.shell:Creating package script '/home/chollatisp/ros2_ws/mobile_robot/src/mok_mobile_robot/install/mok_mobile_robot/share/mok_mobile_robot/package.ps1'
[0.911s] INFO:colcon.colcon_core.shell:Creating package descriptor '/home/chollatisp/ros2_ws/mobile_robot/src/mok_mobile_robot/install/mok_mobile_robot/share/mok_mobile_robot/package.dsv'
[0.911s] INFO:colcon.colcon_core.shell:Creating package script '/home/chollatisp/ros2_ws/mobile_robot/src/mok_mobile_robot/install/mok_mobile_robot/share/mok_mobile_robot/package.sh'
[0.911s] INFO:colcon.colcon_core.shell:Creating package script '/home/chollatisp/ros2_ws/mobile_robot/src/mok_mobile_robot/install/mok_mobile_robot/share/mok_mobile_robot/package.bash'
[0.912s] INFO:colcon.colcon_core.shell:Creating package script '/home/chollatisp/ros2_ws/mobile_robot/src/mok_mobile_robot/install/mok_mobile_robot/share/mok_mobile_robot/package.zsh'
[0.912s] Level 1:colcon.colcon_core.environment:create_file_with_runtime_dependencies(/home/chollatisp/ros2_ws/mobile_robot/src/mok_mobile_robot/install/mok_mobile_robot/share/colcon-core/packages/mok_mobile_robot)
[0.912s] DEBUG:colcon.colcon_parallel_executor.executor.parallel:closing loop
[0.912s] DEBUG:colcon.colcon_parallel_executor.executor.parallel:loop closed
[0.912s] DEBUG:colcon.colcon_parallel_executor.executor.parallel:run_until_complete finished with '0'
[0.912s] DEBUG:colcon.colcon_core.event_reactor:joining thread
[0.916s] INFO:colcon.colcon_core.plugin_system:Skipping extension 'colcon_notification.desktop_notification.terminal_notifier': Not used on non-Darwin systems
[0.916s] INFO:colcon.colcon_core.plugin_system:Skipping extension 'colcon_notification.desktop_notification.win32': Not used on non-Windows systems
[0.916s] INFO:colcon.colcon_notification.desktop_notification:Sending desktop notification using 'notify2'
[0.924s] DEBUG:colcon.colcon_core.event_reactor:joined thread
[0.924s] INFO:colcon.colcon_core.shell:Creating prefix script '/home/chollatisp/ros2_ws/mobile_robot/src/mok_mobile_robot/install/local_setup.ps1'
[0.924s] INFO:colcon.colcon_core.shell:Creating prefix util module '/home/chollatisp/ros2_ws/mobile_robot/src/mok_mobile_robot/install/_local_setup_util_ps1.py'
[0.925s] INFO:colcon.colcon_core.shell:Creating prefix chain script '/home/chollatisp/ros2_ws/mobile_robot/src/mok_mobile_robot/install/setup.ps1'
[0.926s] INFO:colcon.colcon_core.shell:Creating prefix script '/home/chollatisp/ros2_ws/mobile_robot/src/mok_mobile_robot/install/local_setup.sh'
[0.926s] INFO:colcon.colcon_core.shell:Creating prefix util module '/home/chollatisp/ros2_ws/mobile_robot/src/mok_mobile_robot/install/_local_setup_util_sh.py'
[0.927s] INFO:colcon.colcon_core.shell:Creating prefix chain script '/home/chollatisp/ros2_ws/mobile_robot/src/mok_mobile_robot/install/setup.sh'
[0.927s] INFO:colcon.colcon_core.shell:Creating prefix script '/home/chollatisp/ros2_ws/mobile_robot/src/mok_mobile_robot/install/local_setup.bash'
[0.928s] INFO:colcon.colcon_core.shell:Creating prefix chain script '/home/chollatisp/ros2_ws/mobile_robot/src/mok_mobile_robot/install/setup.bash'
[0.928s] INFO:colcon.colcon_core.shell:Creating prefix script '/home/chollatisp/ros2_ws/mobile_robot/src/mok_mobile_robot/install/local_setup.zsh'
[0.928s] INFO:colcon.colcon_core.shell:Creating prefix chain script '/home/chollatisp/ros2_ws/mobile_robot/src/mok_mobile_robot/install/setup.zsh'
