[0.008s] Invoking command in '/home/chollatisp/ros2_ws/mobile_robot/src/mok_mobile_robot/build/mok_mobile_robot': CMAKE_PREFIX_PATH=${CMAKE_PREFIX_PATH}:/opt/ros/humble /usr/bin/cmake /home/chollatisp/ros2_ws/mobile_robot/src/mok_mobile_robot -DCMAKE_INSTALL_PREFIX=/home/chollatisp/ros2_ws/mobile_robot/src/mok_mobile_robot/install/mok_mobile_robot
[0.051s] -- The C compiler identification is GNU 11.4.0
[0.093s] -- The CXX compiler identification is GNU 11.4.0
[0.099s] -- Detecting C compiler ABI info
[0.157s] -- Detecting C compiler ABI info - done
[0.162s] -- Check for working C compiler: /usr/bin/cc - skipped
[0.162s] -- Detecting C compile features
[0.162s] -- Detecting C compile features - done
[0.164s] -- Detecting CXX compiler ABI info
[0.229s] -- Detecting CXX compiler ABI info - done
[0.234s] -- Check for working CXX compiler: /usr/bin/c++ - skipped
[0.234s] -- Detecting CXX compile features
[0.234s] -- Detecting CXX compile features - done
[0.237s] -- Found ament_cmake: 1.3.9 (/opt/ros/humble/share/ament_cmake/cmake)
[0.343s] -- Found Python3: /usr/bin/python3 (found version "3.10.12") found components: Interpreter 
[0.413s] -- Found ament_lint_auto: 0.12.11 (/opt/ros/humble/share/ament_lint_auto/cmake)
[0.478s] -- Added test 'copyright' to check source files copyright and LICENSE
[0.491s] -- Added test 'cppcheck' to perform static code analysis on C / C++ code
[0.491s] -- Configured cppcheck include dirs: 
[0.491s] -- Configured cppcheck exclude dirs and/or files: 
[0.503s] -- Added test 'cpplint' to check C / C++ code against the Google style
[0.503s] -- Configured cpplint exclude dirs and/or files: 
[0.505s] -- Added test 'flake8' to check Python code syntax and style conventions
[0.509s] -- Added test 'lint_cmake' to check CMake code style
[0.510s] -- Added test 'pep257' to check Python code against some of the docstring style conventions in PEP 257
[0.523s] -- Added test 'uncrustify' to check C / C++ code style
[0.523s] -- Configured uncrustify additional arguments: 
[0.525s] -- Added test 'xmllint' to check XML markup files
[0.526s] -- Configuring done
[0.529s] -- Generating done
[0.530s] -- Build files have been written to: /home/chollatisp/ros2_ws/mobile_robot/src/mok_mobile_robot/build/mok_mobile_robot
[0.534s] Invoked command in '/home/chollatisp/ros2_ws/mobile_robot/src/mok_mobile_robot/build/mok_mobile_robot' returned '0': CMAKE_PREFIX_PATH=${CMAKE_PREFIX_PATH}:/opt/ros/humble /usr/bin/cmake /home/chollatisp/ros2_ws/mobile_robot/src/mok_mobile_robot -DCMAKE_INSTALL_PREFIX=/home/chollatisp/ros2_ws/mobile_robot/src/mok_mobile_robot/install/mok_mobile_robot
[0.535s] Invoking command in '/home/chollatisp/ros2_ws/mobile_robot/src/mok_mobile_robot/build/mok_mobile_robot': CMAKE_PREFIX_PATH=${CMAKE_PREFIX_PATH}:/opt/ros/humble /usr/bin/cmake --build /home/chollatisp/ros2_ws/mobile_robot/src/mok_mobile_robot/build/mok_mobile_robot -- -j16 -l16
[0.568s] Invoked command in '/home/chollatisp/ros2_ws/mobile_robot/src/mok_mobile_robot/build/mok_mobile_robot' returned '0': CMAKE_PREFIX_PATH=${CMAKE_PREFIX_PATH}:/opt/ros/humble /usr/bin/cmake --build /home/chollatisp/ros2_ws/mobile_robot/src/mok_mobile_robot/build/mok_mobile_robot -- -j16 -l16
[0.595s] Invoking command in '/home/chollatisp/ros2_ws/mobile_robot/src/mok_mobile_robot/build/mok_mobile_robot': CMAKE_PREFIX_PATH=${CMAKE_PREFIX_PATH}:/opt/ros/humble /usr/bin/cmake --install /home/chollatisp/ros2_ws/mobile_robot/src/mok_mobile_robot/build/mok_mobile_robot
[0.601s] -- Install configuration: ""
[0.601s] -- Installing: /home/chollatisp/ros2_ws/mobile_robot/src/mok_mobile_robot/install/mok_mobile_robot/share/mok_mobile_robot/config
[0.601s] -- Installing: /home/chollatisp/ros2_ws/mobile_robot/src/mok_mobile_robot/install/mok_mobile_robot/share/mok_mobile_robot/config/empty.yaml
[0.601s] -- Installing: /home/chollatisp/ros2_ws/mobile_robot/src/mok_mobile_robot/install/mok_mobile_robot/share/mok_mobile_robot/config/config_file.rviz
[0.601s] -- Installing: /home/chollatisp/ros2_ws/mobile_robot/src/mok_mobile_robot/install/mok_mobile_robot/share/mok_mobile_robot/config/my_controllers.yaml
[0.601s] -- Installing: /home/chollatisp/ros2_ws/mobile_robot/src/mok_mobile_robot/install/mok_mobile_robot/share/mok_mobile_robot/config/config_file_drive.rviz
[0.601s] -- Installing: /home/chollatisp/ros2_ws/mobile_robot/src/mok_mobile_robot/install/mok_mobile_robot/share/mok_mobile_robot/description
[0.601s] -- Installing: /home/chollatisp/ros2_ws/mobile_robot/src/mok_mobile_robot/install/mok_mobile_robot/share/mok_mobile_robot/description/lidar.xacro
[0.602s] -- Installing: /home/chollatisp/ros2_ws/mobile_robot/src/mok_mobile_robot/install/mok_mobile_robot/share/mok_mobile_robot/description/ros2_control.xacro
[0.602s] -- Installing: /home/chollatisp/ros2_ws/mobile_robot/src/mok_mobile_robot/install/mok_mobile_robot/share/mok_mobile_robot/description/inertial_macros.xacro
[0.602s] -- Installing: /home/chollatisp/ros2_ws/mobile_robot/src/mok_mobile_robot/install/mok_mobile_robot/share/mok_mobile_robot/description/robot.urdf.xacro
[0.602s] -- Installing: /home/chollatisp/ros2_ws/mobile_robot/src/mok_mobile_robot/install/mok_mobile_robot/share/mok_mobile_robot/description/robot_core.xacro
[0.602s] -- Installing: /home/chollatisp/ros2_ws/mobile_robot/src/mok_mobile_robot/install/mok_mobile_robot/share/mok_mobile_robot/description/gazebo_control.xacro
[0.602s] -- Installing: /home/chollatisp/ros2_ws/mobile_robot/src/mok_mobile_robot/install/mok_mobile_robot/share/mok_mobile_robot/description/depth_camera.xacro
[0.602s] -- Installing: /home/chollatisp/ros2_ws/mobile_robot/src/mok_mobile_robot/install/mok_mobile_robot/share/mok_mobile_robot/launch
[0.602s] -- Installing: /home/chollatisp/ros2_ws/mobile_robot/src/mok_mobile_robot/install/mok_mobile_robot/share/mok_mobile_robot/launch/rsp.launch.py
[0.602s] -- Installing: /home/chollatisp/ros2_ws/mobile_robot/src/mok_mobile_robot/install/mok_mobile_robot/share/mok_mobile_robot/launch/launch_sim.launch.py
[0.602s] -- Installing: /home/chollatisp/ros2_ws/mobile_robot/src/mok_mobile_robot/install/mok_mobile_robot/share/mok_mobile_robot/launch/rspwithrviz.launch.py
[0.603s] -- Installing: /home/chollatisp/ros2_ws/mobile_robot/src/mok_mobile_robot/install/mok_mobile_robot/share/mok_mobile_robot/worlds
[0.603s] -- Installing: /home/chollatisp/ros2_ws/mobile_robot/src/mok_mobile_robot/install/mok_mobile_robot/share/mok_mobile_robot/worlds/obb.world
[0.603s] -- Installing: /home/chollatisp/ros2_ws/mobile_robot/src/mok_mobile_robot/install/mok_mobile_robot/share/mok_mobile_robot/worlds/test.world
[0.603s] -- Installing: /home/chollatisp/ros2_ws/mobile_robot/src/mok_mobile_robot/install/mok_mobile_robot/share/mok_mobile_robot/worlds/empty.world
[0.603s] -- Installing: /home/chollatisp/ros2_ws/mobile_robot/src/mok_mobile_robot/install/mok_mobile_robot/share/ament_index/resource_index/package_run_dependencies/mok_mobile_robot
[0.603s] -- Installing: /home/chollatisp/ros2_ws/mobile_robot/src/mok_mobile_robot/install/mok_mobile_robot/share/ament_index/resource_index/parent_prefix_path/mok_mobile_robot
[0.603s] -- Installing: /home/chollatisp/ros2_ws/mobile_robot/src/mok_mobile_robot/install/mok_mobile_robot/share/mok_mobile_robot/environment/ament_prefix_path.sh
[0.604s] -- Installing: /home/chollatisp/ros2_ws/mobile_robot/src/mok_mobile_robot/install/mok_mobile_robot/share/mok_mobile_robot/environment/ament_prefix_path.dsv
[0.604s] -- Installing: /home/chollatisp/ros2_ws/mobile_robot/src/mok_mobile_robot/install/mok_mobile_robot/share/mok_mobile_robot/environment/path.sh
[0.604s] -- Installing: /home/chollatisp/ros2_ws/mobile_robot/src/mok_mobile_robot/install/mok_mobile_robot/share/mok_mobile_robot/environment/path.dsv
[0.604s] -- Installing: /home/chollatisp/ros2_ws/mobile_robot/src/mok_mobile_robot/install/mok_mobile_robot/share/mok_mobile_robot/local_setup.bash
[0.604s] -- Installing: /home/chollatisp/ros2_ws/mobile_robot/src/mok_mobile_robot/install/mok_mobile_robot/share/mok_mobile_robot/local_setup.sh
[0.604s] -- Installing: /home/chollatisp/ros2_ws/mobile_robot/src/mok_mobile_robot/install/mok_mobile_robot/share/mok_mobile_robot/local_setup.zsh
[0.604s] -- Installing: /home/chollatisp/ros2_ws/mobile_robot/src/mok_mobile_robot/install/mok_mobile_robot/share/mok_mobile_robot/local_setup.dsv
[0.604s] -- Installing: /home/chollatisp/ros2_ws/mobile_robot/src/mok_mobile_robot/install/mok_mobile_robot/share/mok_mobile_robot/package.dsv
[0.605s] -- Installing: /home/chollatisp/ros2_ws/mobile_robot/src/mok_mobile_robot/install/mok_mobile_robot/share/ament_index/resource_index/packages/mok_mobile_robot
[0.605s] -- Installing: /home/chollatisp/ros2_ws/mobile_robot/src/mok_mobile_robot/install/mok_mobile_robot/share/mok_mobile_robot/cmake/mok_mobile_robotConfig.cmake
[0.605s] -- Installing: /home/chollatisp/ros2_ws/mobile_robot/src/mok_mobile_robot/install/mok_mobile_robot/share/mok_mobile_robot/cmake/mok_mobile_robotConfig-version.cmake
[0.605s] -- Installing: /home/chollatisp/ros2_ws/mobile_robot/src/mok_mobile_robot/install/mok_mobile_robot/share/mok_mobile_robot/package.xml
[0.607s] Invoked command in '/home/chollatisp/ros2_ws/mobile_robot/src/mok_mobile_robot/build/mok_mobile_robot' returned '0': CMAKE_PREFIX_PATH=${CMAKE_PREFIX_PATH}:/opt/ros/humble /usr/bin/cmake --install /home/chollatisp/ros2_ws/mobile_robot/src/mok_mobile_robot/build/mok_mobile_robot
